<?xml version="1.0" encoding="UTF-8"?>
<testsuite name="user registry" tests="1" skipped="0" failures="0" errors="0" timestamp="2023-07-30T21:40:11" hostname="CHMEP7LFP3B3" time="4.837">
  <properties/>
  <testcase name="Successfully user registry" classname="user registry" time="4.837"/>
  <system-out><![CDATA[Request method:	POST
Request URI:	https://reqres.in/api/register
Proxy:			<none>
Request params:	<none>
Query params:	<none>
Form params:	<none>
Path params:	<none>
Headers:		Accept=*/*
				Content-Type=application/json; charset=UTF-8
Cookies:		<none>
Multiparts:		<none>
Body:
{
    "password": "pistol",
    "email": "eve.holt@reqres.in"
}
HTTP/1.1 200 OK
Date: Sun, 30 Jul 2023 21:39:45 GMT
Content-Type: application/json; charset=utf-8
Content-Length: 36
Connection: keep-alive
X-Powered-By: Express
Access-Control-Allow-Origin: *
Etag: W/"24-4iP0za1geN2he+ohu8F0FhCjLks"
Via: 1.1 vegur
CF-Cache-Status: DYNAMIC
Report-To: {"endpoints":[{"url":"https:\/\/a.nel.cloudflare.com\/report\/v3?s=aDoENG0VerSTysgbvVsYWHJmivedgOHvUbxY4k4n9d1gjHhimiSjKDKKWr7jc3%2BGtdaluyGJKLYhIuEfNIuXsfYjjxxZ3BJhHYVozdrZQtIjL1O44P5OtjFB7g%3D%3D"}],"group":"cf-nel","max_age":604800}
NEL: {"success_fraction":0,"report_to":"cf-nel","max_age":604800}
Server: cloudflare
CF-RAY: 7ef0c18cf9ec6dbb-MIA

{
    "id": 4,
    "token": "QpwL5tke4Pnpja7X4"
}
]]></system-out>
  <system-err><![CDATA[[Test worker] INFO  - 
  _____   ___   ___   _____     ___   _____     _     ___   _____   ___   ___  
 |_   _| | __| / __| |_   _|   / __| |_   _|   /_\   | _ \ |_   _| | __| |   \ 
   | |   | _|  \__ \   | |     \__ \   | |    / _ \  |   /   | |   | _|  | |) |
   |_|   |___| |___/   |_|     |___/   |_|   /_/ \_\ |_|_\   |_|   |___| |___/ 

Successfully user registry(user-registry;successfully-user-registry)
--------------------------------------------------------------------------------
[Test worker] INFO  - 
  _____   ___   ___   _____     ___     _     ___   ___   ___   ___  
 |_   _| | __| / __| |_   _|   | _ \   /_\   / __| / __| | __| |   \ 
   | |   | _|  \__ \   | |     |  _/  / _ \  \__ \ \__ \ | _|  | |) |
   |_|   |___| |___/   |_|     |_|   /_/ \_\ |___/ |___/ |___| |___/ 

Successfully user registry
----------------------------------------------------------------------
]]></system-err>
</testsuite>
